session generation v3.7.8 (build 1) (c)Maxim IC 2006-2011
UCL Version: 2.4.6-snapshot1407161149 (rev ) - release FREE_RELEASE (Jul 16 2014)<session SCP-ANGELA-ECDSA>
<host>.0000001.CON_REQ
beefed01000090f3
<chip>.0000002.CON_REP
beefed0200009001
<host>.0000003.ACK
beefed06000090c7
<host>.0000004.DATA_TRANSFER-HELLO
beefed05000e90c31000000a48454c4c4f20424c030236920731
<chip>.0000005.ACK
beefed06000090c7
<chip>.0000006.DATA_TRANSFER-HELLO_REP
beefed05003691622000003248454c4c4f20484f535401000000000000c000000000000000000000000000000000000000000000000000000000000000000ff7f7b7
<host>.0000007.ACK
beefed06000091a3
<host>.0000008.DATA_TRANSFER-write-timeout
beefed05004992605a00000544265500005b5c553b6405a3bb432d76566e9e480798b27dcda0d69af22cc230df89cf5483f1f1e49c185975963df9552433b36b3a7b701f412d501c1995fe9d2c484ca81d71269247
<chip>.0000009.ACK
beefed0600009240
<chip>.0000010.DATA_TRANSFER-write_timeout_response
beefed05000893bd5a00000400000000fc664624
<host>.0000011.ACK
beefed0600009302
<host>.0000012.DATA_TRANSFER-write-timeout
beefed05004994905a010005442600f400726436cdde760b8629067010f74b26b7d62633c6eb26b77ea0ca8712e616c03ec7b35271c9e49d9a637ca3de3e986fc1a0ada20a4873b4986f35f1c8facb928875534e42
<chip>.0000013.ACK
beefed0600009465
<chip>.0000014.DATA_TRANSFER-write_timeout_response
beefed05000895ae5a01000400000000e002b9a4
<host>.0000015.ACK
beefed06000095f1
<host>.0000016.DISC_REQ
beefed03000096c6
<chip>.0000017.DISC_REP
beefed040000968a
