p:\资料\2023slo游戏设计20221130\拉霸_2023handsomedevil恶魔\c语言仿真代码\qsoftunitestv15郭工改\qsoftunitest\application\idea\app\build\vs\debug\vc143.pdb
p:\资料\2023slo游戏设计20221130\拉霸_2023handsomedevil恶魔\c语言仿真代码\qsoftunitestv15郭工改\qsoftunitest\application\idea\app\build\vs\debug\vc143.idb
p:\资料\2023slo游戏设计20221130\拉霸_2023handsomedevil恶魔\c语言仿真代码\qsoftunitestv15郭工改\qsoftunitest\application\idea\app\build\vs\debug\qs_algo.obj
p:\资料\2023slo游戏设计20221130\拉霸_2023handsomedevil恶魔\c语言仿真代码\qsoftunitestv15郭工改\qsoftunitest\application\idea\app\build\vs\debug\qs_aes_ecb.obj
p:\资料\2023slo游戏设计20221130\拉霸_2023handsomedevil恶魔\c语言仿真代码\qsoftunitestv15郭工改\qsoftunitest\application\idea\app\build\vs\debug\qs_aes_cbc.obj
p:\资料\2023slo游戏设计20221130\拉霸_2023handsomedevil恶魔\c语言仿真代码\qsoftunitestv15郭工改\qsoftunitest\application\idea\app\build\vs\debug\qs_aes.obj
p:\资料\2023slo游戏设计20221130\拉霸_2023handsomedevil恶魔\c语言仿真代码\qsoftunitestv15郭工改\qsoftunitest\application\idea\app\build\vs\debug\qs_time.obj
p:\资料\2023slo游戏设计20221130\拉霸_2023handsomedevil恶魔\c语言仿真代码\qsoftunitestv15郭工改\qsoftunitest\application\idea\app\build\vs\debug\qs_mm.obj
p:\资料\2023slo游戏设计20221130\拉霸_2023handsomedevil恶魔\c语言仿真代码\qsoftunitestv15郭工改\qsoftunitest\application\idea\app\build\vs\debug\qs_led.obj
p:\资料\2023slo游戏设计20221130\拉霸_2023handsomedevil恶魔\c语言仿真代码\qsoftunitestv15郭工改\qsoftunitest\application\idea\app\build\vs\debug\qs_keyboard.obj
p:\资料\2023slo游戏设计20221130\拉霸_2023handsomedevil恶魔\c语言仿真代码\qsoftunitestv15郭工改\qsoftunitest\application\idea\app\build\vs\debug\qs_database.obj
p:\资料\2023slo游戏设计20221130\拉霸_2023handsomedevil恶魔\c语言仿真代码\qsoftunitestv15郭工改\qsoftunitest\application\idea\app\build\vs\debug\qs_buzzer.obj
p:\资料\2023slo游戏设计20221130\拉霸_2023handsomedevil恶魔\c语言仿真代码\qsoftunitestv15郭工改\qsoftunitest\application\idea\app\build\vs\debug\qs_printer_ict.obj
p:\资料\2023slo游戏设计20221130\拉霸_2023handsomedevil恶魔\c语言仿真代码\qsoftunitestv15郭工改\qsoftunitest\application\idea\app\build\vs\debug\qs_printer.obj
p:\资料\2023slo游戏设计20221130\拉霸_2023handsomedevil恶魔\c语言仿真代码\qsoftunitestv15郭工改\qsoftunitest\application\idea\app\build\vs\debug\qs_bill_pyramid.obj
p:\资料\2023slo游戏设计20221130\拉霸_2023handsomedevil恶魔\c语言仿真代码\qsoftunitestv15郭工改\qsoftunitest\application\idea\app\build\vs\debug\qs_bill_pulse.obj
p:\资料\2023slo游戏设计20221130\拉霸_2023handsomedevil恶魔\c语言仿真代码\qsoftunitestv15郭工改\qsoftunitest\application\idea\app\build\vs\debug\qs_bill_protocol_ebds.obj
p:\资料\2023slo游戏设计20221130\拉霸_2023handsomedevil恶魔\c语言仿真代码\qsoftunitestv15郭工改\qsoftunitest\application\idea\app\build\vs\debug\qs_bill_mei.obj
p:\资料\2023slo游戏设计20221130\拉霸_2023handsomedevil恶魔\c语言仿真代码\qsoftunitestv15郭工改\qsoftunitest\application\idea\app\build\vs\debug\qs_bill_jcm.obj
p:\资料\2023slo游戏设计20221130\拉霸_2023handsomedevil恶魔\c语言仿真代码\qsoftunitestv15郭工改\qsoftunitest\application\idea\app\build\vs\debug\qs_bill_ict.obj
p:\资料\2023slo游戏设计20221130\拉霸_2023handsomedevil恶魔\c语言仿真代码\qsoftunitestv15郭工改\qsoftunitest\application\idea\app\build\vs\debug\qs_bill_bellis.obj
p:\资料\2023slo游戏设计20221130\拉霸_2023handsomedevil恶魔\c语言仿真代码\qsoftunitestv15郭工改\qsoftunitest\application\idea\app\build\vs\debug\qs_bill.obj
p:\资料\2023slo游戏设计20221130\拉霸_2023handsomedevil恶魔\c语言仿真代码\qsoftunitestv15郭工改\qsoftunitest\application\idea\app\build\vs\debug\qs_mem.obj
p:\资料\2023slo游戏设计20221130\拉霸_2023handsomedevil恶魔\c语言仿真代码\qsoftunitestv15郭工改\qsoftunitest\application\idea\app\build\vs\debug\qs_log.obj
p:\资料\2023slo游戏设计20221130\拉霸_2023handsomedevil恶魔\c语言仿真代码\qsoftunitestv15郭工改\qsoftunitest\application\idea\app\build\vs\debug\qs_list.obj
p:\资料\2023slo游戏设计20221130\拉霸_2023handsomedevil恶魔\c语言仿真代码\qsoftunitestv15郭工改\qsoftunitest\application\idea\app\build\vs\debug\qs_io.obj
p:\资料\2023slo游戏设计20221130\拉霸_2023handsomedevil恶魔\c语言仿真代码\qsoftunitestv15郭工改\qsoftunitest\application\idea\app\build\vs\debug\qs_fifo.obj
p:\资料\2023slo游戏设计20221130\拉霸_2023handsomedevil恶魔\c语言仿真代码\qsoftunitestv15郭工改\qsoftunitest\application\idea\app\build\vs\debug\qs_json.obj
p:\资料\2023slo游戏设计20221130\拉霸_2023handsomedevil恶魔\c语言仿真代码\qsoftunitestv15郭工改\qsoftunitest\application\idea\app\build\vs\debug\qs_base64.obj
p:\资料\2023slo游戏设计20221130\拉霸_2023handsomedevil恶魔\c语言仿真代码\qsoftunitestv15郭工改\qsoftunitest\application\idea\app\build\vs\debug\qs_sha512.obj
p:\资料\2023slo游戏设计20221130\拉霸_2023handsomedevil恶魔\c语言仿真代码\qsoftunitestv15郭工改\qsoftunitest\application\idea\app\build\vs\debug\qs_sha384.obj
p:\资料\2023slo游戏设计20221130\拉霸_2023handsomedevil恶魔\c语言仿真代码\qsoftunitestv15郭工改\qsoftunitest\application\idea\app\build\vs\debug\qs_sha256.obj
p:\资料\2023slo游戏设计20221130\拉霸_2023handsomedevil恶魔\c语言仿真代码\qsoftunitestv15郭工改\qsoftunitest\application\idea\app\build\vs\debug\qs_sha224.obj
p:\资料\2023slo游戏设计20221130\拉霸_2023handsomedevil恶魔\c语言仿真代码\qsoftunitestv15郭工改\qsoftunitest\application\idea\app\build\vs\debug\qs_sha1.obj
p:\资料\2023slo游戏设计20221130\拉霸_2023handsomedevil恶魔\c语言仿真代码\qsoftunitestv15郭工改\qsoftunitest\application\idea\app\build\vs\debug\qs_rsa.obj
p:\资料\2023slo游戏设计20221130\拉霸_2023handsomedevil恶魔\c语言仿真代码\qsoftunitestv15郭工改\qsoftunitest\application\idea\app\build\vs\debug\qs_rand.obj
p:\资料\2023slo游戏设计20221130\拉霸_2023handsomedevil恶魔\c语言仿真代码\qsoftunitestv15郭工改\qsoftunitest\application\idea\app\build\vs\debug\qs_prime.obj
p:\资料\2023slo游戏设计20221130\拉霸_2023handsomedevil恶魔\c语言仿真代码\qsoftunitestv15郭工改\qsoftunitest\application\idea\app\build\vs\debug\qs_nn.obj
p:\资料\2023slo游戏设计20221130\拉霸_2023handsomedevil恶魔\c语言仿真代码\qsoftunitestv15郭工改\qsoftunitest\application\idea\app\build\vs\debug\qs_des_ecb.obj
p:\资料\2023slo游戏设计20221130\拉霸_2023handsomedevil恶魔\c语言仿真代码\qsoftunitestv15郭工改\qsoftunitest\application\idea\app\build\vs\debug\qs_des_cbc.obj
p:\资料\2023slo游戏设计20221130\拉霸_2023handsomedevil恶魔\c语言仿真代码\qsoftunitestv15郭工改\qsoftunitest\application\idea\app\build\vs\debug\qs_des.obj
p:\资料\2023slo游戏设计20221130\拉霸_2023handsomedevil恶魔\c语言仿真代码\qsoftunitestv15郭工改\qsoftunitest\application\idea\app\build\vs\debug\qs_crc16.obj
p:\资料\2023slo游戏设计20221130\拉霸_2023handsomedevil恶魔\c语言仿真代码\qsoftunitestv15郭工改\qsoftunitest\application\idea\app\build\vs\debug\driver_nvram.obj
p:\资料\2023slo游戏设计20221130\拉霸_2023handsomedevil恶魔\c语言仿真代码\qsoftunitestv15郭工改\qsoftunitest\application\idea\app\build\vs\debug\driver_led.obj
p:\资料\2023slo游戏设计20221130\拉霸_2023handsomedevil恶魔\c语言仿真代码\qsoftunitestv15郭工改\qsoftunitest\application\idea\app\build\vs\debug\driver_iflash.obj
p:\资料\2023slo游戏设计20221130\拉霸_2023handsomedevil恶魔\c语言仿真代码\qsoftunitestv15郭工改\qsoftunitest\application\idea\app\build\vs\debug\driver_fram.obj
p:\资料\2023slo游戏设计20221130\拉霸_2023handsomedevil恶魔\c语言仿真代码\qsoftunitestv15郭工改\qsoftunitest\application\idea\app\build\vs\debug\driver_flash.obj
p:\资料\2023slo游戏设计20221130\拉霸_2023handsomedevil恶魔\c语言仿真代码\qsoftunitestv15郭工改\qsoftunitest\application\idea\app\build\vs\debug\driver_buzzer.obj
p:\资料\2023slo游戏设计20221130\拉霸_2023handsomedevil恶魔\c语言仿真代码\qsoftunitestv15郭工改\qsoftunitest\application\idea\app\build\vs\debug\qs_senv_manager.obj
p:\资料\2023slo游戏设计20221130\拉霸_2023handsomedevil恶魔\c语言仿真代码\qsoftunitestv15郭工改\qsoftunitest\application\idea\app\build\vs\debug\qs_senv.obj
p:\资料\2023slo游戏设计20221130\拉霸_2023handsomedevil恶魔\c语言仿真代码\qsoftunitestv15郭工改\qsoftunitest\application\idea\app\build\vs\debug\qs_timer.obj
p:\资料\2023slo游戏设计20221130\拉霸_2023handsomedevil恶魔\c语言仿真代码\qsoftunitestv15郭工改\qsoftunitest\application\idea\app\build\vs\debug\qs_system_senv.obj
p:\资料\2023slo游戏设计20221130\拉霸_2023handsomedevil恶魔\c语言仿真代码\qsoftunitestv15郭工改\qsoftunitest\application\idea\app\build\vs\debug\qs_system.obj
p:\资料\2023slo游戏设计20221130\拉霸_2023handsomedevil恶魔\c语言仿真代码\qsoftunitestv15郭工改\qsoftunitest\application\idea\app\build\vs\debug\qs_com_senv.obj
p:\资料\2023slo游戏设计20221130\拉霸_2023handsomedevil恶魔\c语言仿真代码\qsoftunitestv15郭工改\qsoftunitest\application\idea\app\build\vs\debug\qs_com_direct.obj
p:\资料\2023slo游戏设计20221130\拉霸_2023handsomedevil恶魔\c语言仿真代码\qsoftunitestv15郭工改\qsoftunitest\application\idea\app\build\vs\debug\qs_com.obj
p:\资料\2023slo游戏设计20221130\拉霸_2023handsomedevil恶魔\c语言仿真代码\qsoftunitestv15郭工改\qsoftunitest\application\idea\app\build\vs\debug\qs_task.obj
p:\资料\2023slo游戏设计20221130\拉霸_2023handsomedevil恶魔\c语言仿真代码\qsoftunitestv15郭工改\qsoftunitest\application\idea\app\build\vs\debug\qs_driver.obj
p:\资料\2023slo游戏设计20221130\拉霸_2023handsomedevil恶魔\c语言仿真代码\qsoftunitestv15郭工改\qsoftunitest\application\idea\app\build\vs\debug\qs.obj
p:\资料\2023slo游戏设计20221130\拉霸_2023handsomedevil恶魔\c语言仿真代码\qsoftunitestv15郭工改\qsoftunitest\application\idea\app\build\vs\debug\qs_modules.obj
p:\资料\2023slo游戏设计20221130\拉霸_2023handsomedevil恶魔\c语言仿真代码\qsoftunitestv15郭工改\qsoftunitest\application\idea\app\build\vs\debug\qs_utility.obj
p:\资料\2023slo游戏设计20221130\拉霸_2023handsomedevil恶魔\c语言仿真代码\qsoftunitestv15郭工改\qsoftunitest\application\idea\app\build\vs\debug\qs_noise.obj
p:\资料\2023slo游戏设计20221130\拉霸_2023handsomedevil恶魔\c语言仿真代码\qsoftunitestv15郭工改\qsoftunitest\application\idea\app\build\vs\debug\main.obj
p:\资料\2023slo游戏设计20221130\拉霸_2023handsomedevil恶魔\c语言仿真代码\qsoftunitestv15郭工改\qsoftunitest\application\idea\app\build\vs\debug\idea_pwd.obj
p:\资料\2023slo游戏设计20221130\拉霸_2023handsomedevil恶魔\c语言仿真代码\qsoftunitestv15郭工改\qsoftunitest\application\idea\app\build\vs\debug\idea_player.obj
p:\资料\2023slo游戏设计20221130\拉霸_2023handsomedevil恶魔\c语言仿真代码\qsoftunitestv15郭工改\qsoftunitest\application\idea\app\build\vs\debug\idea_comm.obj
p:\资料\2023slo游戏设计20221130\拉霸_2023handsomedevil恶魔\c语言仿真代码\qsoftunitestv15郭工改\qsoftunitest\application\idea\app\build\vs\debug\idea_coder.obj
p:\资料\2023slo游戏设计20221130\拉霸_2023handsomedevil恶魔\c语言仿真代码\qsoftunitestv15郭工改\qsoftunitest\application\idea\app\build\vs\debug\idea_cmd.obj
p:\资料\2023slo游戏设计20221130\拉霸_2023handsomedevil恶魔\c语言仿真代码\qsoftunitestv15郭工改\qsoftunitest\application\idea\app\build\vs\debug\idea_app.obj
p:\资料\2023slo游戏设计20221130\拉霸_2023handsomedevil恶魔\c语言仿真代码\qsoftunitestv15郭工改\qsoftunitest\application\idea\app\build\vs\debug\sfmt.obj
p:\资料\2023slo游戏设计20221130\拉霸_2023handsomedevil恶魔\c语言仿真代码\qsoftunitestv15郭工改\qsoftunitest\application\idea\app\build\vs\debug\jrand.obj
p:\资料\2023slo游戏设计20221130\拉霸_2023handsomedevil恶魔\c语言仿真代码\qsoftunitestv15郭工改\qsoftunitest\application\idea\app\build\vs\debug\ga.obj
p:\资料\2023slo游戏设计20221130\拉霸_2023handsomedevil恶魔\c语言仿真代码\qsoftunitestv15郭工改\qsoftunitest\application\idea\app\build\vs\debug\app.obj
p:\资料\2023slo游戏设计20221130\拉霸_2023handsomedevil恶魔\c语言仿真代码\qsoftunitestv15郭工改\qsoftunitest\application\idea\app\build\vs\debug\qs_board.obj
p:\资料\2023slo游戏设计20221130\拉霸_2023handsomedevil恶魔\c语言仿真代码\qsoftunitestv15郭工改\qsoftunitest\application\idea\app\build\vs\debug\qs_platform.obj
p:\资料\2023slo游戏设计20221130\拉霸_2023handsomedevil恶魔\c语言仿真代码\qsoftunitestv15郭工改\qsoftunitest\application\idea\app\build\vs\debug\driver_usb.obj
p:\资料\2023slo游戏设计20221130\拉霸_2023handsomedevil恶魔\c语言仿真代码\qsoftunitestv15郭工改\qsoftunitest\application\idea\app\build\vs\debug\driver_timer.obj
p:\资料\2023slo游戏设计20221130\拉霸_2023handsomedevil恶魔\c语言仿真代码\qsoftunitestv15郭工改\qsoftunitest\application\idea\app\build\vs\debug\driver_serial.obj
p:\资料\2023slo游戏设计20221130\拉霸_2023handsomedevil恶魔\c语言仿真代码\qsoftunitestv15郭工改\qsoftunitest\application\idea\app\build\vs\exec\idea.lib
p:\资料\2023slo游戏设计20221130\拉霸_2023handsomedevil恶魔\c语言仿真代码\qsoftunitestv15郭工改\qsoftunitest\application\idea\app\build\vs\exec\idea.exe
p:\资料\2023slo游戏设计20221130\拉霸_2023handsomedevil恶魔\c语言仿真代码\qsoftunitestv15郭工改\qsoftunitest\application\idea\app\build\vs\debug\idea.ilk
p:\资料\2023slo游戏设计20221130\拉霸_2023handsomedevil恶魔\c语言仿真代码\qsoftunitestv15郭工改\qsoftunitest\application\idea\app\build\vs\exec\idea.pdb
p:\资料\2023slo游戏设计20221130\拉霸_2023handsomedevil恶魔\c语言仿真代码\qsoftunitestv15郭工改\qsoftunitest\application\idea\app\build\vs\debug\idea.tlog\cl.command.1.tlog
p:\资料\2023slo游戏设计20221130\拉霸_2023handsomedevil恶魔\c语言仿真代码\qsoftunitestv15郭工改\qsoftunitest\application\idea\app\build\vs\debug\idea.tlog\cl.items.tlog
p:\资料\2023slo游戏设计20221130\拉霸_2023handsomedevil恶魔\c语言仿真代码\qsoftunitestv15郭工改\qsoftunitest\application\idea\app\build\vs\debug\idea.tlog\cl.read.1.tlog
p:\资料\2023slo游戏设计20221130\拉霸_2023handsomedevil恶魔\c语言仿真代码\qsoftunitestv15郭工改\qsoftunitest\application\idea\app\build\vs\debug\idea.tlog\cl.write.1.tlog
p:\资料\2023slo游戏设计20221130\拉霸_2023handsomedevil恶魔\c语言仿真代码\qsoftunitestv15郭工改\qsoftunitest\application\idea\app\build\vs\debug\idea.tlog\lib-link.read.1.tlog
p:\资料\2023slo游戏设计20221130\拉霸_2023handsomedevil恶魔\c语言仿真代码\qsoftunitestv15郭工改\qsoftunitest\application\idea\app\build\vs\debug\idea.tlog\lib-link.write.1.tlog
p:\资料\2023slo游戏设计20221130\拉霸_2023handsomedevil恶魔\c语言仿真代码\qsoftunitestv15郭工改\qsoftunitest\application\idea\app\build\vs\debug\idea.tlog\lib.command.1.tlog
p:\资料\2023slo游戏设计20221130\拉霸_2023handsomedevil恶魔\c语言仿真代码\qsoftunitestv15郭工改\qsoftunitest\application\idea\app\build\vs\debug\idea.tlog\link.command.1.tlog
p:\资料\2023slo游戏设计20221130\拉霸_2023handsomedevil恶魔\c语言仿真代码\qsoftunitestv15郭工改\qsoftunitest\application\idea\app\build\vs\debug\idea.tlog\link.read.1.tlog
p:\资料\2023slo游戏设计20221130\拉霸_2023handsomedevil恶魔\c语言仿真代码\qsoftunitestv15郭工改\qsoftunitest\application\idea\app\build\vs\debug\idea.tlog\link.write.1.tlog
p:\资料\2023slo游戏设计20221130\拉霸_2023handsomedevil恶魔\c语言仿真代码\qsoftunitestv15郭工改\qsoftunitest\application\idea\app\build\vs\debug\idea.tlog\link.write.2u.tlog
