session generation v3.7.14 (build 1) (c)Maxim IC 2006-2011
UCL Version: 2.5.0-snapshot1509111646 (rev 2292) - release FREE_RELEASE (Sep 11 2015)<session SCP-ANGELA-ECDSA>
<host>.0000001.CON_REQ
beefed01000090f3
<chip>.0000002.CON_REP
beefed0200009001
<host>.0000003.ACK
beefed06000090c7
<host>.0000004.DATA_TRANSFER-HELLO
beefed05000e90c31000000a48454c4c4f20424c030236920731
<chip>.0000005.ACK
beefed06000090c7
<chip>.0000006.DATA_TRANSFER-HELLO_REP
beefed05003691622000003248454c4c4f20484f535401000000000000c000000000000000000000000000000000000000000000000000000000000000000ff7f7b7
<host>.0000007.ACK
beefed06000091a3
<host>.0000008.DATA_TRANSFER-write-timeout
beefed05004992605a00000544265500001aca0260ecc58afca0d5aba8e7db9a5dc915ccb0b8aa65999eedc7d6754a7863d1bb8b8ce346f5bebe4f834a6a78341616aa4901567a5f46bdb1c4a3f262c243869daca8
<chip>.0000009.ACK
beefed0600009240
<chip>.0000010.DATA_TRANSFER-write_timeout_response
beefed05000893bd5a00000400000000fc664624
<host>.0000011.ACK
beefed0600009302
<host>.0000012.DATA_TRANSFER-write-timeout
beefed05004994905a01000544265600007907967f099d07ffa7a9b9902a42410d62685ffe3a44ea598c40413a507eb4098fe0883752623c8342df5e307c12c39f6fa19c7e198e20e67e73b6662ee265501c2df556
<chip>.0000013.ACK
beefed0600009465
<chip>.0000014.DATA_TRANSFER-write_timeout_response
beefed05000895ae5a01000400000000e002b9a4
<host>.0000015.ACK
beefed06000095f1
<host>.0000016.DATA_TRANSFER-write-timeout
beefed05004996bb5a020005442600b80badddbfee67277f3cea232993260166b4786f1ae1f8c176cf3ac352b8b8e43b42b3747184a5a5593c2fd05ed1a34b7be40ab5439010f8f204ae5a80a0516cf324ab2a919f
<chip>.0000017.ACK
beefed06000096f9
<chip>.0000018.DATA_TRANSFER-write_timeout_response
beefed05000897995a02000400000000cb4ac596
<host>.0000019.ACK
beefed06000097e1
<host>.0000020.DISC_REQ
beefed03000098c2
<chip>.0000021.DISC_REP
beefed04000098d7
