f:\control\slotstandalonecontrol\slotstandalonecommone_debug\application\idea\app\build\vs\x64\debug\vc143.pdb
f:\control\slotstandalonecontrol\slotstandalonecommone_debug\application\idea\app\build\vs\x64\debug\vc143.idb
f:\control\slotstandalonecontrol\slotstandalonecommone_debug\application\idea\app\build\vs\x64\debug\main.obj
f:\control\slotstandalonecontrol\slotstandalonecommone_debug\application\idea\app\build\vs\x64\debug\idea_qs.obj
f:\control\slotstandalonecontrol\slotstandalonecommone_debug\application\idea\app\build\vs\x64\debug\idea_cmd.obj
f:\control\slotstandalonecontrol\slotstandalonecommone_debug\application\idea\app\build\vs\x64\debug\idea_app.obj
f:\control\slotstandalonecontrol\slotstandalonecommone_debug\application\idea\app\build\vs\x64\debug\sfmt.obj
f:\control\slotstandalonecontrol\slotstandalonecommone_debug\application\idea\app\build\vs\x64\debug\jrand.obj
f:\control\slotstandalonecontrol\slotstandalonecommone_debug\application\idea\app\build\vs\x64\debug\cjson_utils.obj
f:\control\slotstandalonecontrol\slotstandalonecommone_debug\application\idea\app\build\vs\x64\debug\cjson.obj
f:\control\slotstandalonecontrol\slotstandalonecommone_debug\application\idea\app\build\vs\x64\debug\ga.obj
f:\control\slotstandalonecontrol\slotstandalonecommone_debug\application\idea\app\build\vs\x64\debug\naturealg.obj
f:\control\slotstandalonecontrol\slotstandalonecommone_debug\application\idea\app\build\vs\x64\debug\lotterymanager.obj
f:\control\slotstandalonecontrol\slotstandalonecommone_debug\application\idea\app\build\vs\x64\debug\lottery.obj
f:\control\slotstandalonecontrol\slotstandalonecommone_debug\application\idea\app\build\vs\x64\debug\gamemanager.obj
f:\control\slotstandalonecontrol\slotstandalonecommone_debug\application\idea\app\build\vs\x64\debug\gameconfig.obj
f:\control\slotstandalonecontrol\slotstandalonecommone_debug\application\idea\app\build\vs\x64\debug\dll.obj
f:\control\slotstandalonecontrol\slotstandalonecommone_debug\application\idea\app\build\vs\x64\debug\computerdata.obj
f:\control\slotstandalonecontrol\slotstandalonecommone_debug\application\idea\app\build\vs\x64\debug\commonstruct.obj
f:\control\slotstandalonecontrol\slotstandalonecommone_debug\application\idea\app\build\vs\x64\debug\cmd_fish.obj
f:\control\slotstandalonecontrol\slotstandalonecommone_debug\application\idea\app\build\vs\x64\debug\app.obj
f:\control\slotstandalonecontrol\slotstandalonecommone_debug\x64\debug\idea.exe
f:\control\slotstandalonecontrol\slotstandalonecommone_debug\x64\debug\idea.pdb
f:\control\slotstandalonecontrol\slotstandalonecommone_debug\x64\debug\idea.lib
f:\control\slotstandalonecontrol\slotstandalonecommone_debug\x64\debug\idea.exp
f:\control\slotstandalonecontrol\slotstandalonecommone_debug\application\idea\app\build\vs\x64\debug\idea.ilk
f:\control\slotstandalonecontrol\slotstandalonecommone_debug\application\idea\app\build\vs\x64\debug\idea.tlog\cl.command.1.tlog
f:\control\slotstandalonecontrol\slotstandalonecommone_debug\application\idea\app\build\vs\x64\debug\idea.tlog\cl.items.tlog
f:\control\slotstandalonecontrol\slotstandalonecommone_debug\application\idea\app\build\vs\x64\debug\idea.tlog\cl.read.1.tlog
f:\control\slotstandalonecontrol\slotstandalonecommone_debug\application\idea\app\build\vs\x64\debug\idea.tlog\cl.write.1.tlog
f:\control\slotstandalonecontrol\slotstandalonecommone_debug\application\idea\app\build\vs\x64\debug\idea.tlog\link.command.1.tlog
f:\control\slotstandalonecontrol\slotstandalonecommone_debug\application\idea\app\build\vs\x64\debug\idea.tlog\link.read.1.tlog
f:\control\slotstandalonecontrol\slotstandalonecommone_debug\application\idea\app\build\vs\x64\debug\idea.tlog\link.secondary.1.tlog
f:\control\slotstandalonecontrol\slotstandalonecommone_debug\application\idea\app\build\vs\x64\debug\idea.tlog\link.write.1.tlog
