session generation v3.7.9 (build 1) (c)Maxim IC 2006-2011
UCL Version: 2.4.10-snapshot1504231430 (rev 2153) - release FREE_RELEASE (May 11 2015)<session SCP-ANGELA-ECDSA>
<host>.0000001.CON_REQ
beefed01000090f3
<chip>.0000002.CON_REP
beefed0200009001
<host>.0000003.ACK
beefed06000090c7
<host>.0000004.DATA_TRANSFER-HELLO
beefed05000e90c31000000a48454c4c4f20424c030236920731
<chip>.0000005.ACK
beefed06000090c7
<chip>.0000006.DATA_TRANSFER-HELLO_REP
beefed05003691622000003248454c4c4f20484f535401000000000000c00500abcdef01000102abcdaef600000000000000000000000000000000000000a836acf6
<host>.0000007.ACK
beefed06000091a3
<host>.0000008.DATA_TRANSFER-write-crk
beefed0500c892dc5a000084470a0080417322a42620f70be3300feb70a40e60300dc00c1ed8b697b02de0439738dd4139a47e4c65d1e13f20629267951e00f2a3cf340895ceb7d15b0cffcd314aadf77f7623a94314a074a57b453649f3f99c94b8dba16b32ab1987f6f0df68b5037266ef1cf786ece054f687b0726e03d3d13d8fafe918e561afce6808cffe5ac66d7f7623a94314a074a57b453649f3f99c94b8dba16b32ab1987f6f0df68b5037212cd5430c4110f02627aeb27ab5d08051cc5402986393452abddde6b63cdb0b0be535e2a
<chip>.0000009.ACK
beefed0600009240
<chip>.0000010.DATA_TRANSFER-write_crk_response
beefed05000893bd5a00000400000000fc664624
<host>.0000011.ACK
beefed0600009302
<host>.0000012.DISC_REQ
beefed0300009496
<chip>.0000013.DISC_REP
beefed0400009488
